

IMPORTANT WARNING: Sequences X04195.4.1 and XXs_v9.1.1 are exactly identical


IMPORTANT WARNING: Sequences LA6780v1.1 and L67805.1.1 are exactly identical


IMPORTANT WARNING: Sequences P26475.2.1 and P26475.3.1 are exactly identical


IMPORTANT WARNING: Sequences AACar2.0.1 and A90745.2.1 are exactly identical


IMPORTANT WARNING: Sequences HHle_1.0.1 and HHla_1.0.1 are exactly identical


IMPORTANT WARNING: Sequences M29475.1.1 and M29485.1.1 are exactly identical


IMPORTANT WARNING: Sequences M1_SvImJ.1 and MAA_J.1_5_ are exactly identical


IMPORTANT WARNING: Sequences M1_SvImJ.1 and MAAKR_J.1_ are exactly identical


IMPORTANT WARNING: Sequences M1_SvImJ.1 and MBALB_cJ.1 are exactly identical


IMPORTANT WARNING: Sequences M1_SvImJ.1 and MC3H_HeJ.1 are exactly identical


IMPORTANT WARNING: Sequences M1_SvImJ.1 and MCBL_6NJ.1 are exactly identical


IMPORTANT WARNING: Sequences M1_SvImJ.1 and MCCBA_J.1_ are exactly identical


IMPORTANT WARNING: Sequences M1_SvImJ.1 and MDDBA_2J.1 are exactly identical


IMPORTANT WARNING: Sequences M1_SvImJ.1 and MFFVB_NJ.1 are exactly identical


IMPORTANT WARNING: Sequences M1_SvImJ.1 and MGGRCm39.1 are exactly identical


IMPORTANT WARNING: Sequences M1_SvImJ.1 and MLLP_J.1_5 are exactly identical


IMPORTANT WARNING: Sequences M1_SvImJ.1 and MNShiLtJ.1 are exactly identical


IMPORTANT WARNING: Sequences M1_SvImJ.1 and MN_HlLtJ.1 are exactly identical


IMPORTANT WARNING: Sequences M1_SvImJ.1 and MPWK_PhJ.1 are exactly identical


IMPORTANT WARNING: Sequences M1_SvImJ.1 and MWSB_EiJ.1 are exactly identical


IMPORTANT WARNING: Sequences M1_SvImJ.1 and MMUSP714.1 are exactly identical


IMPORTANT WARNING: Sequences CCri_1.0.1 and CCi-PICR.1 are exactly identical


IMPORTANT WARNING: Sequences M26785.1.1 and MMt-v1.0.1 are exactly identical


IMPORTANT WARNING: Sequences PHan_2.1.1 and PHan_2.1.2 are exactly identical


IMPORTANT WARNING: Sequences S86455.2.1 and SmVul1.1.1 are exactly identical


IMPORTANT WARNING: Sequences S99345.1.1 and SSBol1.0.1 are exactly identical


IMPORTANT WARNING: Sequences Pppan1.1.1 and PPro_3.0.1 are exactly identical


IMPORTANT WARNING: Sequences T64315.1.1 and T64325.1.1 are exactly identical


IMPORTANT WARNING: Sequences M00615.1.1 and M45265.1.1 are exactly identical


IMPORTANT WARNING: Sequences M00615.1.1 and M45275.1.1 are exactly identical


IMPORTANT WARNING: Sequences M00615.1.1 and MMis_6.0.1 are exactly identical


IMPORTANT WARNING: Sequences M00615.1.1 and MMmul_10.1 are exactly identical


IMPORTANT WARNING: Sequences M00615.1.1 and MMem_1.0.1 are exactly identical


IMPORTANT WARNING: Sequences PPnu_3.0.1 and TTel_1.0.1 are exactly identical


IMPORTANT WARNING: Sequences SJJinhua.1 and SLndrace.1 are exactly identical


IMPORTANT WARNING: Sequences SJJinhua.1 and SL_White.1 are exactly identical


IMPORTANT WARNING: Sequences SJJinhua.1 and SMeishan.1 are exactly identical


IMPORTANT WARNING: Sequences SJJinhua.1 and SPetrain.1 are exactly identical


IMPORTANT WARNING: Sequences SJJinhua.1 and SRgchang.1 are exactly identical


IMPORTANT WARNING: Sequences SSfa11.1.1 and SURCv1.0.1 are exactly identical


IMPORTANT WARNING: Sequences DA8892v3.1 and D17725.1.1 are exactly identical


IMPORTANT WARNING: Sequences DA8892v3.1 and D17725.1.2 are exactly identical


IMPORTANT WARNING: Sequences DA8892v3.1 and D17745.1.1 are exactly identical


IMPORTANT WARNING: Sequences DA8892v3.1 and M90385.2.1 are exactly identical


IMPORTANT WARNING: Sequences DA8892v3.1 and MNwhal_1.1 are exactly identical


IMPORTANT WARNING: Sequences P92025.1.1 and Pmn1.pri.1 are exactly identical


IMPORTANT WARNING: Sequences S60645.1.1 and T27395.1.1 are exactly identical


IMPORTANT WARNING: Sequences S60645.1.1 and T62595.1.1 are exactly identical


IMPORTANT WARNING: Sequences B73245.3.1 and Bmus1.v2.1 are exactly identical


IMPORTANT WARNING: Sequences O98735.2.1 and O42125.1.1 are exactly identical


IMPORTANT WARNING: Sequences O98735.2.1 and OOr_v3.1.1 are exactly identical


IMPORTANT WARNING: Sequences O98735.2.1 and OOuillet.1 are exactly identical


IMPORTANT WARNING: Sequences C61675.1.1 and CCBG_1.0.1 are exactly identical


IMPORTANT WARNING: Sequences C61675.1.2 and CCBG_1.0.2 are exactly identical


IMPORTANT WARNING: Sequences CCCEY.1_18 and C11085.1.1 are exactly identical


IMPORTANT WARNING: Sequences BUhman_1.1 and BAUCD1.2.1 are exactly identical


IMPORTANT WARNING: Sequences BUhman_1.1 and BUngus_1.1 are exactly identical


IMPORTANT WARNING: Sequences BLu_v3.0.1 and BBu_v2.0.1 are exactly identical


IMPORTANT WARNING: Sequences CCamDro2.1 and C34535.1.1 are exactly identical


IMPORTANT WARNING: Sequences V67525.1.1 and V65495.1.1 are exactly identical


IMPORTANT WARNING: Sequences M46605.4.1 and MTy_2.01.1 are exactly identical


IMPORTANT WARNING: Sequences BBBub1.0.1 and B03855.1.1 are exactly identical


IMPORTANT WARNING: Sequences O65825.1.1 and OOSun1.0.1 are exactly identical


IMPORTANT WARNING: Sequences O65825.1.1 and S72975.1.1 are exactly identical


IMPORTANT WARNING: Sequences O65825.1.1 and SSid_v01.1 are exactly identical


IMPORTANT WARNING: Sequences A87025.1.1 and AbChr1.2.1 are exactly identical


IMPORTANT WARNING: Sequences A87025.1.1 and A96995.2.1 are exactly identical


IMPORTANT WARNING: Sequences A87025.1.1 and BBJap1.0.1 are exactly identical


IMPORTANT WARNING: Sequences A87025.1.1 and B12235.1.1 are exactly identical


IMPORTANT WARNING: Sequences F37975.1.1 and F88915.1.1 are exactly identical


IMPORTANT WARNING: Sequences F37975.1.1 and FFTin1.0.1 are exactly identical


IMPORTANT WARNING: Sequences F37975.1.1 and F32995.1.1 are exactly identical


IMPORTANT WARNING: Sequences AA2487v1.1 and A24875.1.1 are exactly identical


IMPORTANT WARNING: Sequences AA4695v1.1 and ACuck1.0.1 are exactly identical


IMPORTANT WARNING: Sequences AA4695v1.1 and AGseV1.0.1 are exactly identical


IMPORTANT WARNING: Sequences AA4695v1.1 and CCMos1.0.1 are exactly identical


IMPORTANT WARNING: Sequences AA4695v1.1 and C94515.1.1 are exactly identical


IMPORTANT WARNING: Sequences E85355.1.1 and E85365.1.1 are exactly identical


IMPORTANT WARNING: Sequences E85355.1.1 and E82375.1.1 are exactly identical


IMPORTANT WARNING: Sequences E85355.1.1 and E85335.1.1 are exactly identical


IMPORTANT WARNING: Sequences E85355.1.1 and E85315.1.1 are exactly identical


IMPORTANT WARNING: Sequences E85355.1.1 and E78445.1.1 are exactly identical


IMPORTANT WARNING: Sequences Cbt1.pri.1 and C19885.1.1 are exactly identical


IMPORTANT WARNING: Sequences C50515.1.1 and C50955.1.1 are exactly identical


IMPORTANT WARNING: Sequences C50515.1.1 and CUon_1.0.1 are exactly identical


IMPORTANT WARNING: Sequences M41485.1.1 and Mmya_1.0.1 are exactly identical


IMPORTANT WARNING: Sequences FFlb_1.4.1 and F47815.2.1 are exactly identical


IMPORTANT WARNING: Sequences EGnFinch.1 and LLtrDom1.1 are exactly identical


IMPORTANT WARNING: Sequences EGnFinch.1 and M60135.1.1 are exactly identical


IMPORTANT WARNING: Sequences EGnFinch.1 and P00915.1.1 are exactly identical


IMPORTANT WARNING: Sequences EGnFinch.1 and TbaeGut1.1 are exactly identical


IMPORTANT WARNING: Sequences EGnFinch.1 and T57565.2.1 are exactly identical


IMPORTANT WARNING: Sequences EGnFinch.1 and T22105.1.1 are exactly identical


IMPORTANT WARNING: Sequences C06625.1.1 and GGor_1.0.1 are exactly identical


IMPORTANT WARNING: Sequences G99415.1.1 and GropEvg1.1 are exactly identical


IMPORTANT WARNING: Sequences S35505.1.1 and Smar1.11.1 are exactly identical


IMPORTANT WARNING: Sequences FFus_9.0.1 and F40865.1.1 are exactly identical


IMPORTANT WARNING: Sequences L74595.1.1 and LmynCan4.1 are exactly identical


IMPORTANT WARNING: Sequences PPLeo1.0.1 and PPPar1.0.1 are exactly identical


IMPORTANT WARNING: Sequences Z62305.1.1 and Zml1.pri.1 are exactly identical


IMPORTANT WARNING: Sequences Z62305.1.2 and Zml1.pri.2 are exactly identical


IMPORTANT WARNING: Sequences CA5472v1.1 and CBed-1.1.1 are exactly identical


IMPORTANT WARNING: Sequences CA5472v1.1 and CCFam3.1.1 are exactly identical


IMPORTANT WARNING: Sequences CA5472v1.1 and C02285.4.1 are exactly identical


IMPORTANT WARNING: Sequences CA5472v1.1 and C86185.2.1 are exactly identical


IMPORTANT WARNING: Sequences CA5472v1.1 and C44595.1.1 are exactly identical


IMPORTANT WARNING: Sequences CA5472v1.1 and C41055.3.1 are exactly identical


IMPORTANT WARNING: Sequences CA5472v1.1 and C00685.1.1 are exactly identical


IMPORTANT WARNING: Sequences CA5472v1.1 and C41545.1.1 are exactly identical


IMPORTANT WARNING: Sequences CA5472v1.1 and CUey_3.1.1 are exactly identical


IMPORTANT WARNING: Sequences V23825.1.1 and VVVul2.2.1 are exactly identical


IMPORTANT WARNING: Sequences AA0744v2.1 and A07445.2.1 are exactly identical


IMPORTANT WARNING: Sequences UA4442v1.1 and U84765.1.1 are exactly identical


IMPORTANT WARNING: Sequences UA4442v1.1 and UUar_1.0.1 are exactly identical


IMPORTANT WARNING: Sequences UA4442v1.1 and UA6005v1.1 are exactly identical

IMPORTANT WARNING
Found 115 sequences that are exactly identical to other sequences in the alignment.
Normally they should be excluded from the analysis.

An alignment file with sequence duplicates removed has already
been printed to file /storage1/fs1/tychele/Active/publications/Padhi_Mehinovic_NAP/Outputfiles_For_Genomes_VGP_AND_ENSEMBL_TOGETHER_FILE.txt_and_Query_ZRS_from_Kvon_et_al_2016_TH_0.00001/ZRS_from_Kvon_et_al_2016_at_TH_0.00001_And_Length_0.3_Phy_Align.phy.reduced


Using BFGS method to optimize GTR rate parameters, to disable this specify "--no-bfgs" 



This is RAxML version 8.2.12 released by Alexandros Stamatakis on May 2018.

With greatly appreciated code contributions by:
Andre Aberer      (HITS)
Simon Berger      (HITS)
Alexey Kozlov     (HITS)
Kassian Kobert    (HITS)
David Dao         (KIT and HITS)
Sarah Lutteropp   (KIT and HITS)
Nick Pattengale   (Sandia)
Wayne Pfeiffer    (SDSC)
Akifumi S. Tanabe (NRIFS)
Charlie Taylor    (UF)


Alignment has 831 distinct alignment patterns

Proportion of gaps and completely undetermined characters in this alignment: 24.54%

RAxML rapid bootstrapping and subsequent ML search

Using 1 distinct models/data partitions with joint branch length optimization



Executing 100 rapid bootstrap inferences and thereafter a thorough ML search 

All free model parameters will be estimated by RAxML
GAMMA model of rate heterogeneity, ML estimate of alpha-parameter

GAMMA Model parameters will be estimated up to an accuracy of 0.1000000000 Log Likelihood units

Partition: 0
Alignment Patterns: 831
Name: No Name Provided
DataType: DNA
Substitution Matrix: GTR




RAxML was called as follows:

/opt/conda/bin/raxmlHPC-PTHREADS-SSE3 -m GTRGAMMA -f a -x 100 -p 100 -s /storage1/fs1/tychele/Active/publications/Padhi_Mehinovic_NAP/Outputfiles_For_Genomes_VGP_AND_ENSEMBL_TOGETHER_FILE.txt_and_Query_ZRS_from_Kvon_et_al_2016_TH_0.00001/ZRS_from_Kvon_et_al_2016_at_TH_0.00001_And_Length_0.3_Phy_Align.phy -# 100 -n RAXML_output.phy -T 4 



Time for BS model parameter optimization 1.513612
Bootstrap[0]: Time 6.378621 seconds, bootstrap likelihood -17545.744452, best rearrangement setting 5
Bootstrap[1]: Time 4.579645 seconds, bootstrap likelihood -17451.031226, best rearrangement setting 5
Bootstrap[2]: Time 5.356262 seconds, bootstrap likelihood -19004.644680, best rearrangement setting 10
Bootstrap[3]: Time 5.639319 seconds, bootstrap likelihood -16934.740841, best rearrangement setting 12
Bootstrap[4]: Time 5.441851 seconds, bootstrap likelihood -18084.507383, best rearrangement setting 12
Bootstrap[5]: Time 5.103515 seconds, bootstrap likelihood -17727.359665, best rearrangement setting 13
Bootstrap[6]: Time 4.191145 seconds, bootstrap likelihood -17910.576896, best rearrangement setting 6
Bootstrap[7]: Time 4.797227 seconds, bootstrap likelihood -17397.708131, best rearrangement setting 11
Bootstrap[8]: Time 5.558421 seconds, bootstrap likelihood -17485.537686, best rearrangement setting 14
Bootstrap[9]: Time 6.006425 seconds, bootstrap likelihood -17623.383004, best rearrangement setting 13
Bootstrap[10]: Time 5.497031 seconds, bootstrap likelihood -17247.074149, best rearrangement setting 9
Bootstrap[11]: Time 5.514358 seconds, bootstrap likelihood -18237.414894, best rearrangement setting 10
Bootstrap[12]: Time 5.048345 seconds, bootstrap likelihood -18357.271166, best rearrangement setting 12
Bootstrap[13]: Time 4.416028 seconds, bootstrap likelihood -17870.195210, best rearrangement setting 6
Bootstrap[14]: Time 6.185832 seconds, bootstrap likelihood -17695.312788, best rearrangement setting 14
Bootstrap[15]: Time 5.654023 seconds, bootstrap likelihood -17612.600416, best rearrangement setting 11
Bootstrap[16]: Time 5.538955 seconds, bootstrap likelihood -17276.191138, best rearrangement setting 8
Bootstrap[17]: Time 5.628356 seconds, bootstrap likelihood -18043.997574, best rearrangement setting 10
Bootstrap[18]: Time 4.639179 seconds, bootstrap likelihood -17426.853852, best rearrangement setting 14
Bootstrap[19]: Time 5.250225 seconds, bootstrap likelihood -16862.627799, best rearrangement setting 12
Bootstrap[20]: Time 4.754840 seconds, bootstrap likelihood -17473.368954, best rearrangement setting 6
Bootstrap[21]: Time 5.410082 seconds, bootstrap likelihood -16665.626589, best rearrangement setting 8
Bootstrap[22]: Time 4.083103 seconds, bootstrap likelihood -17708.283521, best rearrangement setting 5
Bootstrap[23]: Time 5.189778 seconds, bootstrap likelihood -18075.132614, best rearrangement setting 6
Bootstrap[24]: Time 5.499768 seconds, bootstrap likelihood -17441.671564, best rearrangement setting 13
Bootstrap[25]: Time 4.859485 seconds, bootstrap likelihood -18154.838529, best rearrangement setting 6
Bootstrap[26]: Time 5.497112 seconds, bootstrap likelihood -17456.076114, best rearrangement setting 15
Bootstrap[27]: Time 5.545706 seconds, bootstrap likelihood -18152.823222, best rearrangement setting 12
Bootstrap[28]: Time 6.348373 seconds, bootstrap likelihood -18221.120834, best rearrangement setting 15
Bootstrap[29]: Time 5.859377 seconds, bootstrap likelihood -17501.897338, best rearrangement setting 13
Bootstrap[30]: Time 5.941010 seconds, bootstrap likelihood -17219.380096, best rearrangement setting 13
Bootstrap[31]: Time 4.761730 seconds, bootstrap likelihood -17257.481295, best rearrangement setting 10
Bootstrap[32]: Time 5.698390 seconds, bootstrap likelihood -18387.578666, best rearrangement setting 8
Bootstrap[33]: Time 4.880082 seconds, bootstrap likelihood -17359.863413, best rearrangement setting 12
Bootstrap[34]: Time 5.210035 seconds, bootstrap likelihood -18173.192166, best rearrangement setting 13
Bootstrap[35]: Time 4.928672 seconds, bootstrap likelihood -18101.327517, best rearrangement setting 8
Bootstrap[36]: Time 4.845417 seconds, bootstrap likelihood -17864.236783, best rearrangement setting 12
Bootstrap[37]: Time 4.831533 seconds, bootstrap likelihood -18019.189994, best rearrangement setting 7
Bootstrap[38]: Time 5.325250 seconds, bootstrap likelihood -18451.369741, best rearrangement setting 14
Bootstrap[39]: Time 5.060627 seconds, bootstrap likelihood -17744.383823, best rearrangement setting 12
Bootstrap[40]: Time 5.240658 seconds, bootstrap likelihood -17660.904918, best rearrangement setting 7
Bootstrap[41]: Time 5.641900 seconds, bootstrap likelihood -18897.387288, best rearrangement setting 15
Bootstrap[42]: Time 5.531854 seconds, bootstrap likelihood -17405.760312, best rearrangement setting 15
Bootstrap[43]: Time 4.644188 seconds, bootstrap likelihood -18159.955224, best rearrangement setting 12
Bootstrap[44]: Time 5.147384 seconds, bootstrap likelihood -19022.495187, best rearrangement setting 9
Bootstrap[45]: Time 5.988703 seconds, bootstrap likelihood -17566.956724, best rearrangement setting 15
Bootstrap[46]: Time 5.850608 seconds, bootstrap likelihood -18377.846852, best rearrangement setting 12
Bootstrap[47]: Time 4.869129 seconds, bootstrap likelihood -17259.042730, best rearrangement setting 7
Bootstrap[48]: Time 5.639987 seconds, bootstrap likelihood -18577.927328, best rearrangement setting 13
Bootstrap[49]: Time 5.041658 seconds, bootstrap likelihood -17724.696288, best rearrangement setting 9
Bootstrap[50]: Time 5.239843 seconds, bootstrap likelihood -17647.906861, best rearrangement setting 7
Bootstrap[51]: Time 6.105933 seconds, bootstrap likelihood -16944.136982, best rearrangement setting 15
Bootstrap[52]: Time 4.452102 seconds, bootstrap likelihood -18329.702147, best rearrangement setting 5
Bootstrap[53]: Time 5.105437 seconds, bootstrap likelihood -18196.618897, best rearrangement setting 6
Bootstrap[54]: Time 5.262653 seconds, bootstrap likelihood -18254.963670, best rearrangement setting 8
Bootstrap[55]: Time 4.705007 seconds, bootstrap likelihood -18379.353056, best rearrangement setting 6
Bootstrap[56]: Time 5.464394 seconds, bootstrap likelihood -17751.933200, best rearrangement setting 10
Bootstrap[57]: Time 5.532384 seconds, bootstrap likelihood -18160.301952, best rearrangement setting 9
Bootstrap[58]: Time 5.054127 seconds, bootstrap likelihood -17361.431365, best rearrangement setting 11
Bootstrap[59]: Time 6.084200 seconds, bootstrap likelihood -17930.123747, best rearrangement setting 10
Bootstrap[60]: Time 5.525627 seconds, bootstrap likelihood -17572.182996, best rearrangement setting 12
Bootstrap[61]: Time 5.606697 seconds, bootstrap likelihood -17884.781206, best rearrangement setting 14
Bootstrap[62]: Time 5.820180 seconds, bootstrap likelihood -18170.050940, best rearrangement setting 15
Bootstrap[63]: Time 5.148372 seconds, bootstrap likelihood -17181.921203, best rearrangement setting 10
Bootstrap[64]: Time 5.404687 seconds, bootstrap likelihood -17983.276191, best rearrangement setting 10
Bootstrap[65]: Time 5.406637 seconds, bootstrap likelihood -18277.201375, best rearrangement setting 14
Bootstrap[66]: Time 5.482365 seconds, bootstrap likelihood -17910.426173, best rearrangement setting 12
Bootstrap[67]: Time 5.349395 seconds, bootstrap likelihood -18126.180987, best rearrangement setting 15
Bootstrap[68]: Time 4.741818 seconds, bootstrap likelihood -17437.355645, best rearrangement setting 8
Bootstrap[69]: Time 4.625435 seconds, bootstrap likelihood -17101.098973, best rearrangement setting 5
Bootstrap[70]: Time 5.728271 seconds, bootstrap likelihood -16709.599948, best rearrangement setting 10
Bootstrap[71]: Time 5.335361 seconds, bootstrap likelihood -18180.009173, best rearrangement setting 10
Bootstrap[72]: Time 5.089181 seconds, bootstrap likelihood -17630.497741, best rearrangement setting 7
Bootstrap[73]: Time 4.855130 seconds, bootstrap likelihood -17997.553133, best rearrangement setting 10
Bootstrap[74]: Time 5.214541 seconds, bootstrap likelihood -17378.961357, best rearrangement setting 10
Bootstrap[75]: Time 5.407708 seconds, bootstrap likelihood -17107.793330, best rearrangement setting 11
Bootstrap[76]: Time 6.026470 seconds, bootstrap likelihood -17905.839695, best rearrangement setting 10
Bootstrap[77]: Time 5.608702 seconds, bootstrap likelihood -17637.682129, best rearrangement setting 10
Bootstrap[78]: Time 5.305417 seconds, bootstrap likelihood -17274.673823, best rearrangement setting 13
Bootstrap[79]: Time 6.370954 seconds, bootstrap likelihood -17550.525378, best rearrangement setting 13
Bootstrap[80]: Time 5.484523 seconds, bootstrap likelihood -17416.447854, best rearrangement setting 7
Bootstrap[81]: Time 5.480578 seconds, bootstrap likelihood -18063.548401, best rearrangement setting 14
Bootstrap[82]: Time 5.147796 seconds, bootstrap likelihood -17517.435860, best rearrangement setting 11
Bootstrap[83]: Time 5.621378 seconds, bootstrap likelihood -17789.426595, best rearrangement setting 14
Bootstrap[84]: Time 6.091170 seconds, bootstrap likelihood -18971.271143, best rearrangement setting 15
Bootstrap[85]: Time 5.055091 seconds, bootstrap likelihood -18506.511872, best rearrangement setting 6
Bootstrap[86]: Time 4.682053 seconds, bootstrap likelihood -16724.297165, best rearrangement setting 5
Bootstrap[87]: Time 5.211969 seconds, bootstrap likelihood -17695.796641, best rearrangement setting 12
Bootstrap[88]: Time 5.832525 seconds, bootstrap likelihood -17523.241987, best rearrangement setting 12
Bootstrap[89]: Time 4.943645 seconds, bootstrap likelihood -17420.075938, best rearrangement setting 11
Bootstrap[90]: Time 5.662993 seconds, bootstrap likelihood -17653.303728, best rearrangement setting 8
Bootstrap[91]: Time 5.464208 seconds, bootstrap likelihood -18251.889768, best rearrangement setting 9
Bootstrap[92]: Time 5.316013 seconds, bootstrap likelihood -17047.934157, best rearrangement setting 8
Bootstrap[93]: Time 6.707417 seconds, bootstrap likelihood -17763.171350, best rearrangement setting 11
Bootstrap[94]: Time 5.244932 seconds, bootstrap likelihood -18080.498100, best rearrangement setting 9
Bootstrap[95]: Time 5.747703 seconds, bootstrap likelihood -17237.592912, best rearrangement setting 12
Bootstrap[96]: Time 5.651361 seconds, bootstrap likelihood -17954.664037, best rearrangement setting 15
Bootstrap[97]: Time 5.369205 seconds, bootstrap likelihood -18144.021810, best rearrangement setting 12
Bootstrap[98]: Time 5.883455 seconds, bootstrap likelihood -17633.414609, best rearrangement setting 12
Bootstrap[99]: Time 5.059778 seconds, bootstrap likelihood -17152.445357, best rearrangement setting 8


Overall Time for 100 Rapid Bootstraps 535.522458 seconds
Average Time per Rapid Bootstrap 5.355225 seconds

Starting ML Search ...

Fast ML optimization finished

Fast ML search Time: 511.211635 seconds

Slow ML Search 0 Likelihood: -18035.402692
Slow ML Search 1 Likelihood: -18038.764557
Slow ML Search 2 Likelihood: -18038.500362
Slow ML Search 3 Likelihood: -18037.521497
Slow ML Search 4 Likelihood: -18037.914794
Slow ML Search 5 Likelihood: -18038.747218
Slow ML Search 6 Likelihood: -18039.150821
Slow ML Search 7 Likelihood: -18037.709350
Slow ML Search 8 Likelihood: -18040.590482
Slow ML Search 9 Likelihood: -18037.898945
Slow ML optimization finished

Slow ML search Time: 345.044572 seconds
Thorough ML search Time: 22.833925 seconds

Final ML Optimization Likelihood: -18035.390798

Model Information:

Model Parameters of Partition 0, Name: No Name Provided, Type of Data: DNA
alpha: 0.815870
Tree-Length: 6.842929
rate A <-> C: 1.094364
rate A <-> G: 3.381935
rate A <-> T: 0.244642
rate C <-> G: 1.667795
rate C <-> T: 3.333710
rate G <-> T: 1.000000

freq pi(A): 0.293950
freq pi(C): 0.189342
freq pi(G): 0.213875
freq pi(T): 0.302834


ML search took 879.111437 secs or 0.244198 hours

Combined Bootstrap and ML search took 1414.634273 secs or 0.392954 hours

Drawing Bootstrap Support Values on best-scoring ML tree ...



Found 1 tree in File /storage1/fs1/tychele/Active/tnt_working/ACES_testing/VGP_ENSEMBL_COMBINED_CHECK2/ACES/ACES_Pipeline/RAxML_bestTree.RAXML_output.phy



Found 1 tree in File /storage1/fs1/tychele/Active/tnt_working/ACES_testing/VGP_ENSEMBL_COMBINED_CHECK2/ACES/ACES_Pipeline/RAxML_bestTree.RAXML_output.phy

Program execution info written to /storage1/fs1/tychele/Active/tnt_working/ACES_testing/VGP_ENSEMBL_COMBINED_CHECK2/ACES/ACES_Pipeline/RAxML_info.RAXML_output.phy
All 100 bootstrapped trees written to: /storage1/fs1/tychele/Active/tnt_working/ACES_testing/VGP_ENSEMBL_COMBINED_CHECK2/ACES/ACES_Pipeline/RAxML_bootstrap.RAXML_output.phy

Best-scoring ML tree written to: /storage1/fs1/tychele/Active/tnt_working/ACES_testing/VGP_ENSEMBL_COMBINED_CHECK2/ACES/ACES_Pipeline/RAxML_bestTree.RAXML_output.phy

Best-scoring ML tree with support values written to: /storage1/fs1/tychele/Active/tnt_working/ACES_testing/VGP_ENSEMBL_COMBINED_CHECK2/ACES/ACES_Pipeline/RAxML_bipartitions.RAXML_output.phy

Best-scoring ML tree with support values as branch labels written to: /storage1/fs1/tychele/Active/tnt_working/ACES_testing/VGP_ENSEMBL_COMBINED_CHECK2/ACES/ACES_Pipeline/RAxML_bipartitionsBranchLabels.RAXML_output.phy

Overall execution time for full ML analysis: 1414.711078 secs or 0.392975 hours or 0.016374 days

